<?xml version="1.0" encoding="UTF-8"?>
<!-- Generated by org.testng.reporters.JUnitXMLReporter -->
<testsuite hostname="Lenovo-PC" ignored="6" name="Command line test" tests="2" failures="1" timestamp="12 Mar 2018 00:55:35 GMT" time="10.043" errors="0">
  <testcase name="alogin_Positive" time="0.069" classname="com.presta.tests.SmokeTest">
    <failure type="java.lang.AssertionError" message="expected [true] but found [false]">
      <![CDATA[java.lang.AssertionError: expected [true] but found [false]
	at com.presta.tests.SmokeTest.alogin_Positive(SmokeTest.java:55)
	at java.util.concurrent.Executors$RunnableAdapter.call(Executors.java:511)
	at java.util.concurrent.FutureTask.run(FutureTask.java:266)
	at java.util.concurrent.ThreadPoolExecutor.runWorker(ThreadPoolExecutor.java:1149)
	at java.util.concurrent.ThreadPoolExecutor$Worker.run(ThreadPoolExecutor.java:624)
	at java.lang.Thread.run(Thread.java:748)
... Removed 11 stack frames]]>
    </failure>
  </testcase> <!-- alogin_Positive -->
  <testcase name="login_Negative" time="8.738" classname="com.presta.tests.SmokeTest"/>
  <testcase name="deleteItem" time="0.0" classname="com.presta.tests.SmokeTest">
    <ignored/>
  </testcase> <!-- deleteItem -->
  <testcase name="cartAddress" time="0.0" classname="com.presta.tests.SmokeTest">
    <ignored/>
  </testcase> <!-- cartAddress -->
  <testcase name="cartSummary" time="0.0" classname="com.presta.tests.SmokeTest">
    <ignored/>
  </testcase> <!-- cartSummary -->
  <testcase name="searchProduct" time="0.0" classname="com.presta.tests.SmokeTest">
    <ignored/>
  </testcase> <!-- searchProduct -->
  <testcase name="cartPayment" time="0.0" classname="com.presta.tests.SmokeTest">
    <ignored/>
  </testcase> <!-- cartPayment -->
  <testcase name="cartShipping" time="0.0" classname="com.presta.tests.SmokeTest">
    <ignored/>
  </testcase> <!-- cartShipping -->
</testsuite> <!-- Command line test -->
