<?xml version="1.0" encoding="UTF-8" ?>
<testsuite tests="2" failures="1" name="com.presta.tests.SmokeTest" time="9.757" errors="0" skipped="0">
  <properties>
[...]
</properties>
  <testcase classname="com.presta.tests.SmokeTest" name="alogin_Positive" time="1.024">
    <failure message="expected [true] but found [false]" type="java.lang.AssertionError">java.lang.AssertionError: expected [true] but found [false]
	at org.testng.Assert.fail(Assert.java:93)
	at org.testng.Assert.failNotEquals(Assert.java:512)
	at org.testng.Assert.assertTrue(Assert.java:41)
	at org.testng.Assert.assertTrue(Assert.java:51)
	at com.presta.tests.SmokeTest.alogin_Positive(SmokeTest.java:55)
</failure>
    <system-out>Configuring TestNG with: org.apache.maven.surefire.testng.conf.TestNG652Configurator@2c13da15
in properties qa loop
in browser loop
in browser loop
in browser loop
in browser loop
in browser loop
in screen shot class
in before class  
Sheet created
 Failed Test Method name is:- alogin_Positive
-Failed-
Test method name is:- alogin_Positive
Test name is:- login_Positive
value of testname is in if condition   alogin_Positive
C:\Users\nitin\mavendemo
</system-out>
    <system-err>Starting ChromeDriver 2.33.506120 (e3e53437346286c0bc2d2dc9aa4915ba81d9023f) on port 21525
Only local connections are allowed.
Mar 11, 2018 8:55:09 PM org.openqa.selenium.remote.ProtocolHandshake createSession
INFO: Detected dialect: OSS
</system-err>
  </testcase>
  <testcase classname="com.presta.tests.SmokeTest" name="login_Negative" time="8.733"/>
</testsuite>