<?xml version="1.0" encoding="UTF-8"?>
<testng-results skipped="0" failed="0" total="2" passed="2">
  <reporter-output>
  </reporter-output>
  <suite name="daghsdgvas.xcsd.xxx.MTest" duration-ms="37" started-at="2018-03-04T21:42:26Z" finished-at="2018-03-04T21:42:26Z">
    <groups>
    </groups>
    <test name="Command line test" duration-ms="37" started-at="2018-03-04T21:42:26Z" finished-at="2018-03-04T21:42:26Z">
      <class name="daghsdgvas.xcsd.xxx.MTest">
        <test-method status="PASS" signature="ff()[pri:0, instance:daghsdgvas.xcsd.xxx.MTest@2acf57e3]" name="ff" duration-ms="15" started-at="2018-03-04T16:42:26Z" finished-at="2018-03-04T16:42:26Z">
          <reporter-output>
          </reporter-output>
        </test-method> <!-- ff -->
        <test-method status="PASS" signature="tt()[pri:0, instance:daghsdgvas.xcsd.xxx.MTest@2acf57e3]" name="tt" duration-ms="0" started-at="2018-03-04T16:42:26Z" finished-at="2018-03-04T16:42:26Z">
          <reporter-output>
          </reporter-output>
        </test-method> <!-- tt -->
      </class> <!-- daghsdgvas.xcsd.xxx.MTest -->
    </test> <!-- Command line test -->
  </suite> <!-- daghsdgvas.xcsd.xxx.MTest -->
</testng-results>
